

【日志创建时间***********】【日志内容******************************************************PDF】



【  2015/7/5 21:07:08  】【  服务器连接成功!  】


【  2015/7/5 21:07:10  】【  用户:成坚登陆成功!  】


【  2015/7/5 21:07:10  】【  服务器连接成功!  】


【  2015/7/5 21:07:13  】【  查询已办列表失败!  】


【  2015/7/5 21:07:13  】【  查询已办列表失败!  】


【  2015/7/5 21:07:14  】【  查询会签单信息失败!  】


【  2015/7/5 21:07:15  】【  查看签单详细信息失败!  】


【  2015/7/5 21:08:37  】【  服务器连接成功!  】


【  2015/7/5 21:08:39  】【  用户:成坚登陆成功!  】


【  2015/7/5 21:08:39  】【  服务器连接成功!  】


【  2015/7/5 21:08:43  】【  查询已办列表失败(服务器连接中断)!  】


【  2015/7/5 21:08:45  】【  查询会签单信息失败!  】


【  2015/7/5 21:08:46  】【  查看签单详细信息失败!  】


【  2015/7/5 21:09:08  】【  服务器连接成功!  】


【  2015/7/5 21:09:10  】【  用户:成坚登陆成功!  】


【  2015/7/5 21:09:10  】【  服务器连接成功!  】


【  2015/7/5 21:09:30  】【  查询已办列表失败(服务器连接中断)!  】


【  2015/7/5 21:09:32  】【  查询会签单信息失败!  】


【  2015/7/5 21:09:33  】【  查看签单详细信息失败!  】


【  2015/7/5 21:10:17  】【  服务器连接成功!  】


【  2015/7/5 21:10:19  】【  用户:成坚登陆成功!  】


【  2015/7/5 21:10:19  】【  服务器连接成功!  】


【  2015/7/5 21:10:22  】【  查询已办列表失败!  】


【  2015/7/5 21:10:23  】【  查询已办列表失败(服务器连接中断)!  】


【  2015/7/5 21:11:41  】【  查询待办列表失败!  】


【  2015/7/5 21:11:41  】【  未将对象引用设置到对象的实例。HellowordVoid MoveNext()  】


【  2015/7/5 21:11:49  】【  查询会签单信息失败!  】


【  2015/7/5 21:12:01  】【  查询正在审批方案列表失败!  】


【  2015/7/5 21:12:01  】【  查询已拒绝方案列表失败!  】


【  2015/7/5 21:12:02  】【  查询已通过方案列表失败!  】


【  2015/7/5 21:13:25  】【  服务器连接成功!  】


【  2015/7/5 21:13:27  】【  用户:成坚登陆成功!  】


【  2015/7/5 21:13:27  】【  服务器连接成功!  】


【  2015/7/5 21:13:31  】【  查询已办列表失败!  】


【  2015/7/5 21:13:31  】【  查询已办列表失败!  】


【  2015/7/5 21:13:33  】【  查询会签单信息失败!  】


【  2015/7/5 21:13:34  】【  查看签单详细信息失败!  】


【  2015/7/5 21:14:18  】【  服务器连接成功!  】


【  2015/7/5 21:14:26  】【  用户:成坚登陆成功!  】


【  2015/7/5 21:14:27  】【  服务器连接成功!  】


【  2015/7/5 21:14:39  】【  查询已办列表失败(服务器连接中断)!  】


【  2015/7/5 21:14:40  】【  查询会签单信息失败!  】


【  2015/7/5 21:14:41  】【  查看签单详细信息失败!  】


【  2015/7/5 21:14:51  】【  服务器连接成功!  】


【  2015/7/5 21:14:52  】【  用户:石啸登陆成功!  】


【  2015/7/5 21:14:52  】【  服务器连接成功!  】


【  2015/7/5 21:15:16  】【  服务器连接成功!  】


【  2015/7/5 21:15:18  】【  用户:张立平登陆成功!  】


【  2015/7/5 21:15:18  】【  服务器连接成功!  】


【  2015/7/5 21:16:44  】【  服务器连接成功!  】


【  2015/7/5 21:16:45  】【  用户:成坚登陆成功!  】


【  2015/7/5 21:16:46  】【  服务器连接成功!  】


【  2015/7/5 21:16:50  】【  查询已办列表失败!  】


【  2015/7/5 21:16:50  】【  查询已办列表失败(服务器连接中断)!  】


【  2015/7/5 21:16:52  】【  查询会签单信息失败!  】


【  2015/7/5 21:16:54  】【  查看签单详细信息失败!  】


【  2015/7/5 21:18:35  】【  服务器连接成功!  】


【  2015/7/5 21:18:37  】【  用户:成坚登陆成功!  】


【  2015/7/5 21:18:37  】【  服务器连接成功!  】


【  2015/7/5 21:18:41  】【  查询已办列表失败!  】


【  2015/7/5 21:18:41  】【  查询已办列表失败(服务器连接中断)!  】


【  2015/7/5 21:19:38  】【  查询待办列表失败!  】


【  2015/7/5 21:19:41  】【  未将对象引用设置到对象的实例。HellowordVoid MoveNext()  】


【  2015/7/5 21:20:36  】【  查询会签单信息失败!  】


【  2015/7/5 21:20:37  】【  查询正在审批方案列表失败!  】


【  2015/7/5 21:20:37  】【  查询已拒绝方案列表失败!  】


【  2015/7/5 21:20:38  】【  查询已通过方案列表失败!  】


【  2015/7/5 21:20:38  】【  未将对象引用设置到对象的实例。HelloWordVoid MoveNext()  】


【  2015/7/5 21:20:38  】【  查询待办列表失败!  】


【  2015/7/5 21:20:39  】【  未将对象引用设置到对象的实例。HellowordVoid MoveNext()  】


【  2015/7/5 21:20:40  】【  查看签单详细信息失败!  】

