

【日志创建时间***********】【日志内容******************************************************PDF】



【  2015/7/30 19:06:34  】【  服务器连接成功!  】


【  2015/7/30 19:06:53  】【  登录失败!  】


【  2015/7/30 19:06:59  】【  服务器连接成功!  】


【  2015/7/30 19:07:01  】【  用户:成坚登陆成功!  】


【  2015/7/30 19:44:52  】【  服务器连接成功!  】


【  2015/7/30 19:45:00  】【  用户:成坚登陆成功!  】


【  2015/7/30 19:46:16  】【  服务器连接成功!  】


【  2015/7/30 19:46:17  】【  用户:成坚登陆成功!  】


【  2015/7/30 19:46:32  】【  服务器连接成功!  】


【  2015/7/30 19:46:34  】【  用户:吴佳怡登陆成功!  】


【  2015/7/30 19:50:22  】【  服务器连接成功!  】


【  2015/7/30 19:50:24  】【  用户:成坚登陆成功!  】


【  2015/7/30 19:50:41  】【  服务器连接成功!  】


【  2015/7/30 19:50:43  】【  用户:成坚登陆成功!  】


【  2015/7/30 19:50:58  】【  服务器连接成功!  】


【  2015/7/30 19:51:00  】【  用户:成坚登陆成功!  】


【  2015/7/30 20:00:08  】【  服务器连接成功!  】


【  2015/7/30 20:00:11  】【  用户:成坚登陆成功!  】


【  2015/7/30 20:00:27  】【  服务器连接成功!  】


【  2015/7/30 20:00:29  】【  用户:王盼盼登陆成功!  】


【  2015/7/30 20:00:37  】【  服务器连接成功!  】


【  2015/7/30 20:00:39  】【  用户:成坚登陆成功!  】


【  2015/7/30 20:00:49  】【  服务器连接成功!  】


【  2015/7/30 20:00:50  】【  用户:成坚登陆成功!  】


【  2015/7/30 20:01:57  】【  退出时异常System.ObjectDisposedException: 无法访问已释放的对象。
对象名:“System.Net.Sockets.Socket”。
   在 System.Net.Sockets.Socket.Send(Byte[] buffer, Int32 offset, Int32 size, SocketFlags socketFlags, SocketError& errorCode)
   在 System.Net.Sockets.Socket.Send(Byte[] buffer)
   在 SignPressClient.SignSocket.SignSocketClient.<Quit>b__4() 位置 g:\[B]CodeRuntimeLibrary\[E]GitHub\SignPressClient\SignPressClient\SignSocket\SignSocketClient.cs:行号 143  】


【  2015/7/30 20:01:59  】【  退出时异常System.ObjectDisposedException: 无法访问已释放的对象。
对象名:“System.Net.Sockets.Socket”。
   在 System.Net.Sockets.Socket.Send(Byte[] buffer, Int32 offset, Int32 size, SocketFlags socketFlags, SocketError& errorCode)
   在 System.Net.Sockets.Socket.Send(Byte[] buffer)
   在 SignPressClient.SignSocket.SignSocketClient.<Quit>b__4() 位置 g:\[B]CodeRuntimeLibrary\[E]GitHub\SignPressClient\SignPressClient\SignSocket\SignSocketClient.cs:行号 143  】


【  2015/7/30 20:02:01  】【  退出时异常System.ObjectDisposedException: 无法访问已释放的对象。
对象名:“System.Net.Sockets.Socket”。
   在 System.Net.Sockets.Socket.Send(Byte[] buffer, Int32 offset, Int32 size, SocketFlags socketFlags, SocketError& errorCode)
   在 System.Net.Sockets.Socket.Send(Byte[] buffer)
   在 SignPressClient.SignSocket.SignSocketClient.<Quit>b__4() 位置 g:\[B]CodeRuntimeLibrary\[E]GitHub\SignPressClient\SignPressClient\SignSocket\SignSocketClient.cs:行号 143  】


【  2015/7/30 20:04:58  】【  服务器连接成功!  】


【  2015/7/30 20:05:01  】【  用户:成坚登陆成功!  】


【  2015/7/30 20:14:16  】【  服务器连接成功!  】


【  2015/7/30 20:14:18  】【  用户:吴佳怡登陆成功!  】


【  2015/7/30 20:14:37  】【  退出时异常System.ObjectDisposedException: 无法访问已释放的对象。
对象名:“System.Net.Sockets.Socket”。
   在 System.Net.Sockets.Socket.Send(Byte[] buffer, Int32 offset, Int32 size, SocketFlags socketFlags, SocketError& errorCode)
   在 System.Net.Sockets.Socket.Send(Byte[] buffer)
   在 SignPressClient.SignSocket.SignSocketClient.<Quit>b__4() 位置 g:\[B]CodeRuntimeLibrary\[E]GitHub\SignPressClient\SignPressClient\SignSocket\SignSocketClient.cs:行号 143  】


【  2015/7/30 20:17:22  】【  服务器连接成功!  】


【  2015/7/30 20:17:23  】【  用户:王盼盼登陆成功!  】


【  2015/7/30 20:17:44  】【  服务器连接成功!  】


【  2015/7/30 20:17:46  】【  用户:王盼盼登陆成功!  】


【  2015/7/30 20:35:18  】【  服务器连接成功!  】


【  2015/7/30 20:35:18  】【  服务器连接成功!  】


【  2015/7/30 20:35:22  】【  用户:王盼盼登陆成功!  】


【  2015/7/30 20:35:22  】【  用户:王盼盼登陆成功!  】


【  2015/7/30 20:37:14  】【  服务器连接成功!  】


【  2015/7/30 20:37:16  】【  用户:王盼盼登陆成功!  】


【  2015/7/30 20:51:08  】【  服务器连接成功!  】


【  2015/7/30 20:51:11  】【  用户:王盼盼登陆成功!  】


【  2015/7/30 20:51:34  】【  服务器连接成功!  】


【  2015/7/30 20:51:36  】【  用户:王盼盼登陆成功!  】


【  2015/7/30 20:53:44  】【  服务器连接成功!  】


【  2015/7/30 20:53:46  】【  用户:王盼盼登陆成功!  】

