

【日志创建时间***********】【日志内容******************************************************PDF】



【  2015/11/5 10:33:50  】【  服务器未响应!  】


【  2015/11/5 10:33:51  】【  连接服务器失败!  】


【  2015/11/5 10:33:56  】【  服务器未响应!  】


【  2015/11/5 10:33:56  】【  连接服务器失败!  】


【  2015/11/5 10:34:04  】【  服务器未响应!  】


【  2015/11/5 10:34:04  】【  连接服务器失败!  】


【  2015/11/5 10:34:19  】【  服务器未响应!  】


【  2015/11/5 10:34:19  】【  连接服务器失败!  】


【  2015/11/5 10:34:27  】【  服务器未响应!  】


【  2015/11/5 10:34:27  】【  连接服务器失败!  】


【  2015/11/5 10:34:38  】【  服务器未响应!  】


【  2015/11/5 10:34:38  】【  连接服务器失败!  】


【  2015/11/5 10:34:52  】【  服务器连接成功!  】


【  2015/11/5 10:34:54  】【  用户:吴佳怡登陆成功!  】


【  2015/11/5 10:36:11  】【  修改部门成功  】


【  2015/11/5 10:39:28  】【  修改部门成功  】


【  2015/11/5 10:41:38  】【  重置用户密码失败(服务器连接中断)!  】


【  2015/11/5 10:48:49  】【  退出时异常System.Net.Sockets.SocketException (0x80004005): 远程主机强迫关闭了一个现有的连接。
   在 System.Net.Sockets.Socket.Send(Byte[] buffer, Int32 offset, Int32 size, SocketFlags socketFlags)
   在 System.Net.Sockets.Socket.Send(Byte[] buffer)
   在 SignPressClient.SignSocket.SignSocketClient.<Quit>b__4() 位置 e:\[O]Github\SignPressClient\SignPressClient\SignSocket\SignSocketClient.cs:行号 143  】

