

【日志创建时间***********】【日志内容******************************************************PDF】



【  2015/8/8 16:45:33  】【  服务器连接成功!  】


【  2015/8/8 16:45:43  】【  用户:王盼盼登陆成功!  】


【  2015/8/8 16:45:54  】【  删除部门失败!  】


【  2015/8/8 16:45:57  】【  删除部门失败!  】


【  2015/8/8 16:46:41  】【  服务器连接成功!  】


【  2015/8/8 16:46:43  】【  用户:王盼盼登陆成功!  】


【  2015/8/8 16:50:32  】【  服务器连接成功!  】


【  2015/8/8 16:50:34  】【  用户:王盼盼登陆成功!  】


【  2015/8/8 16:56:53  】【  服务器连接成功!  】


【  2015/8/8 16:56:56  】【  用户:王盼盼登陆成功!  】


【  2015/8/8 16:57:15  】【  修改部门失败!  】


【  2015/8/8 16:57:40  】【  修改部门失败!  】


【  2015/8/8 16:57:58  】【  重置用户密码失败(服务器连接中断)!  】


【  2015/8/8 17:12:19  】【  服务器未响应!  】


【  2015/8/8 17:12:20  】【  连接服务器失败!  】


【  2015/8/8 17:13:15  】【  服务器连接成功!  】


【  2015/8/8 17:13:20  】【  用户:王盼盼登陆成功!  】


【  2015/8/8 17:13:43  】【  重置用户密码失败(服务器连接中断)!  】


【  2015/8/8 17:15:03  】【  退出时异常System.Net.Sockets.SocketException (0x80004005): 远程主机强迫关闭了一个现有的连接。
   在 System.Net.Sockets.Socket.Send(Byte[] buffer)
   在 SignPressClient.SignSocket.SignSocketClient.<Quit>b__4() 位置 g:\[B]CodeRuntimeLibrary\[E]GitHub\SignPressClient\SignPressClient\SignSocket\SignSocketClient.cs:行号 143  】


【  2015/8/8 17:16:26  】【  服务器连接成功!  】


【  2015/8/8 17:16:33  】【  用户:王盼盼登陆成功!  】


【  2015/8/8 17:17:17  】【  修改部门失败!  】


【  2015/8/8 17:17:27  】【  修改部门失败!  】


【  2015/8/8 17:17:33  】【  修改部门失败!  】


【  2015/8/8 17:17:44  】【  添加部门成功!  】


【  2015/8/8 17:17:47  】【  删除部门成功!  】


【  2015/8/8 17:17:53  】【  修改部门失败!  】


【  2015/8/8 17:17:59  】【  修改部门失败!  】


【  2015/8/8 17:25:47  】【  退出时异常System.Net.Sockets.SocketException (0x80004005): 远程主机强迫关闭了一个现有的连接。
   在 System.Net.Sockets.Socket.Send(Byte[] buffer)
   在 SignPressClient.SignSocket.SignSocketClient.<Quit>b__4() 位置 g:\[B]CodeRuntimeLibrary\[E]GitHub\SignPressClient\SignPressClient\SignSocket\SignSocketClient.cs:行号 143  】

