

【日志创建时间***********】【日志内容******************************************************PDF】



【  2015/7/31 20:08:30  】【  服务器连接成功!  】


【  2015/7/31 20:08:38  】【  用户:王盼盼登陆成功!  】


【  2015/7/31 20:10:28  】【  服务器连接成功!  】


【  2015/7/31 20:10:31  】【  用户:王盼盼登陆成功!  】


【  2015/7/31 20:15:53  】【  服务器连接成功!  】


【  2015/7/31 20:15:56  】【  用户:王盼盼登陆成功!  】


【  2015/7/31 20:16:34  】【  服务器连接成功!  】


【  2015/7/31 20:16:36  】【  用户:王盼盼登陆成功!  】


【  2015/7/31 20:17:43  】【  服务器连接成功!  】


【  2015/7/31 20:17:45  】【  用户:王盼盼登陆成功!  】


【  2015/7/31 20:18:46  】【  服务器连接成功!  】


【  2015/7/31 20:18:50  】【  用户:王盼盼登陆成功!  】


【  2015/7/31 20:18:52  】【  未将对象引用设置到对象的实例。HellowordVoid BindSignData()  】


【  2015/7/31 20:19:27  】【  服务器连接成功!  】


【  2015/7/31 20:19:30  】【  用户:王盼盼登陆成功!  】


【  2015/7/31 20:22:11  】【  服务器连接成功!  】


【  2015/7/31 20:22:13  】【  用户:王盼盼登陆成功!  】


【  2015/7/31 20:23:34  】【  服务器连接成功!  】


【  2015/7/31 20:23:37  】【  用户:吴佳怡登陆成功!  】


【  2015/7/31 20:23:52  】【  服务器连接成功!  】


【  2015/7/31 20:23:54  】【  用户:成坚登陆成功!  】


【  2015/7/31 20:23:55  】【  查询正在审批方案列表失败!  】


【  2015/7/31 20:23:55  】【  查询待办列表失败!  】

